/home/workspace/dataset/IMG/center_2019_02_16_10_45_23_093.jpg,/home/workspace/dataset/IMG/left_2019_02_16_10_45_23_093.jpg,/home/workspace/dataset/IMG/right_2019_02_16_10_45_23_093.jpg,0,0,0,5.962089E-06
/home/workspace/dataset/IMG/center_2019_02_16_10_45_23_169.jpg,/home/workspace/dataset/IMG/left_2019_02_16_10_45_23_169.jpg,/home/workspace/dataset/IMG/right_2019_02_16_10_45_23_169.jpg,0,0,0,6.759969E-06
/home/workspace/dataset/IMG/center_2019_02_16_10_45_23_251.jpg,/home/workspace/dataset/IMG/left_2019_02_16_10_45_23_251.jpg,/home/workspace/dataset/IMG/right_2019_02_16_10_45_23_251.jpg,0,0,0,5.656764E-06
/home/workspace/dataset/IMG/center_2019_02_16_10_45_23_333.jpg,/home/workspace/dataset/IMG/left_2019_02_16_10_45_23_333.jpg,/home/workspace/dataset/IMG/right_2019_02_16_10_45_23_333.jpg,0,0,0,1.745638E-06
/home/workspace/dataset/IMG/center_2019_02_16_10_45_23_415.jpg,/home/workspace/dataset/IMG/left_2019_02_16_10_45_23_415.jpg,/home/workspace/dataset/IMG/right_2019_02_16_10_45_23_415.jpg,0,0,0,8.979569E-06
/home/workspace/dataset/IMG/center_2019_02_16_10_45_23_495.jpg,/home/workspace/dataset/IMG/left_2019_02_16_10_45_23_495.jpg,/home/workspace/dataset/IMG/right_2019_02_16_10_45_23_495.jpg,0,0,0,1.517092E-06
/home/workspace/dataset/IMG/center_2019_02_16_10_45_23_583.jpg,/home/workspace/dataset/IMG/left_2019_02_16_10_45_23_583.jpg,/home/workspace/dataset/IMG/right_2019_02_16_10_45_23_583.jpg,0,0,0,2.841276E-06
/home/workspace/dataset/IMG/center_2019_02_16_10_45_23_666.jpg,/home/workspace/dataset/IMG/left_2019_02_16_10_45_23_666.jpg,/home/workspace/dataset/IMG/right_2019_02_16_10_45_23_666.jpg,0,0,0,3.903155E-06
/home/workspace/dataset/IMG/center_2019_02_16_10_45_23_744.jpg,/home/workspace/dataset/IMG/left_2019_02_16_10_45_23_744.jpg,/home/workspace/dataset/IMG/right_2019_02_16_10_45_23_744.jpg,0,0,0,4.367567E-06
/home/workspace/dataset/IMG/center_2019_02_16_10_45_23_830.jpg,/home/workspace/dataset/IMG/left_2019_02_16_10_45_23_830.jpg,/home/workspace/dataset/IMG/right_2019_02_16_10_45_23_830.jpg,0,0,0,4.899014E-06
/home/workspace/dataset/IMG/center_2019_02_16_10_45_23_916.jpg,/home/workspace/dataset/IMG/left_2019_02_16_10_45_23_916.jpg,/home/workspace/dataset/IMG/right_2019_02_16_10_45_23_916.jpg,0,0,0,5.896009E-06
/home/workspace/dataset/IMG/center_2019_02_16_10_45_24_001.jpg,/home/workspace/dataset/IMG/left_2019_02_16_10_45_24_001.jpg,/home/workspace/dataset/IMG/right_2019_02_16_10_45_24_001.jpg,0,0,0,3.733723E-06
/home/workspace/dataset/IMG/center_2019_02_16_10_45_24_084.jpg,/home/workspace/dataset/IMG/left_2019_02_16_10_45_24_084.jpg,/home/workspace/dataset/IMG/right_2019_02_16_10_45_24_084.jpg,0,0,0,1.469434E-06
/home/workspace/dataset/IMG/center_2019_02_16_10_45_24_163.jpg,/home/workspace/dataset/IMG/left_2019_02_16_10_45_24_163.jpg,/home/workspace/dataset/IMG/right_2019_02_16_10_45_24_163.jpg,0,0,0,1.710176E-06
/home/workspace/dataset/IMG/center_2019_02_16_10_45_24_252.jpg,/home/workspace/dataset/IMG/left_2019_02_16_10_45_24_252.jpg,/home/workspace/dataset/IMG/right_2019_02_16_10_45_24_252.jpg,0,0,0,7.627021E-07
/home/workspace/dataset/IMG/center_2019_02_16_10_45_24_337.jpg,/home/workspace/dataset/IMG/left_2019_02_16_10_45_24_337.jpg,/home/workspace/dataset/IMG/right_2019_02_16_10_45_24_337.jpg,0,0,0,3.198546E-07
/home/workspace/dataset/IMG/center_2019_02_16_10_47_42_654.jpg,/home/workspace/dataset/IMG/left_2019_02_16_10_47_42_654.jpg,/home/workspace/dataset/IMG/right_2019_02_16_10_47_42_654.jpg,0,0,0,13.54143
/home/workspace/dataset/IMG/center_2019_02_16_10_47_42_720.jpg,/home/workspace/dataset/IMG/left_2019_02_16_10_47_42_720.jpg,/home/workspace/dataset/IMG/right_2019_02_16_10_47_42_720.jpg,0,0,0,13.45657
/home/workspace/dataset/IMG/center_2019_02_16_10_47_42_814.jpg,/home/workspace/dataset/IMG/left_2019_02_16_10_47_42_814.jpg,/home/workspace/dataset/IMG/right_2019_02_16_10_47_42_814.jpg,0,0,0,13.31606
/home/workspace/dataset/IMG/center_2019_02_16_10_47_42_903.jpg,/home/workspace/dataset/IMG/left_2019_02_16_10_47_42_903.jpg,/home/workspace/dataset/IMG/right_2019_02_16_10_47_42_903.jpg,0,0,0,13.20465
/home/workspace/dataset/IMG/center_2019_02_16_10_47_42_993.jpg,/home/workspace/dataset/IMG/left_2019_02_16_10_47_42_993.jpg,/home/workspace/dataset/IMG/right_2019_02_16_10_47_42_993.jpg,0,0,0,13.06655
/home/workspace/dataset/IMG/center_2019_02_16_10_47_43_082.jpg,/home/workspace/dataset/IMG/left_2019_02_16_10_47_43_082.jpg,/home/workspace/dataset/IMG/right_2019_02_16_10_47_43_082.jpg,0,0,0,12.95698
/home/workspace/dataset/IMG/center_2019_02_16_10_47_43_149.jpg,/home/workspace/dataset/IMG/left_2019_02_16_10_47_43_149.jpg,/home/workspace/dataset/IMG/right_2019_02_16_10_47_43_149.jpg,0,0,0,12.8483
/home/workspace/dataset/IMG/center_2019_02_16_10_47_43_246.jpg,/home/workspace/dataset/IMG/left_2019_02_16_10_47_43_246.jpg,/home/workspace/dataset/IMG/right_2019_02_16_10_47_43_246.jpg,0,0,0,12.71356
/home/workspace/dataset/IMG/center_2019_02_16_10_47_43_344.jpg,/home/workspace/dataset/IMG/left_2019_02_16_10_47_43_344.jpg,/home/workspace/dataset/IMG/right_2019_02_16_10_47_43_344.jpg,0,0,0,12.60681
/home/workspace/dataset/IMG/center_2019_02_16_10_47_43_440.jpg,/home/workspace/dataset/IMG/left_2019_02_16_10_47_43_440.jpg,/home/workspace/dataset/IMG/right_2019_02_16_10_47_43_440.jpg,0,0,0,12.47471
/home/workspace/dataset/IMG/center_2019_02_16_10_47_43_536.jpg,/home/workspace/dataset/IMG/left_2019_02_16_10_47_43_536.jpg,/home/workspace/dataset/IMG/right_2019_02_16_10_47_43_536.jpg,0,0,0,12.34362
/home/workspace/dataset/IMG/center_2019_02_16_10_47_43_634.jpg,/home/workspace/dataset/IMG/left_2019_02_16_10_47_43_634.jpg,/home/workspace/dataset/IMG/right_2019_02_16_10_47_43_634.jpg,0,0,0,12.21416
/home/workspace/dataset/IMG/center_2019_02_16_10_47_43_705.jpg,/home/workspace/dataset/IMG/left_2019_02_16_10_47_43_705.jpg,/home/workspace/dataset/IMG/right_2019_02_16_10_47_43_705.jpg,0,0,0,12.1368
/home/workspace/dataset/IMG/center_2019_02_16_10_47_43_801.jpg,/home/workspace/dataset/IMG/left_2019_02_16_10_47_43_801.jpg,/home/workspace/dataset/IMG/right_2019_02_16_10_47_43_801.jpg,0,0,0,12.00932
/home/workspace/dataset/IMG/center_2019_02_16_10_47_43_893.jpg,/home/workspace/dataset/IMG/left_2019_02_16_10_47_43_893.jpg,/home/workspace/dataset/IMG/right_2019_02_16_10_47_43_893.jpg,0,0,0,11.88614
/home/workspace/dataset/IMG/center_2019_02_16_10_47_43_987.jpg,/home/workspace/dataset/IMG/left_2019_02_16_10_47_43_987.jpg,/home/workspace/dataset/IMG/right_2019_02_16_10_47_43_987.jpg,0,0,0,11.76471
/home/workspace/dataset/IMG/center_2019_02_16_10_47_44_081.jpg,/home/workspace/dataset/IMG/left_2019_02_16_10_47_44_081.jpg,/home/workspace/dataset/IMG/right_2019_02_16_10_47_44_081.jpg,0,0,0,11.66443
/home/workspace/dataset/IMG/center_2019_02_16_10_47_44_175.jpg,/home/workspace/dataset/IMG/left_2019_02_16_10_47_44_175.jpg,/home/workspace/dataset/IMG/right_2019_02_16_10_47_44_175.jpg,0,0,0,11.53814
/home/workspace/dataset/IMG/center_2019_02_16_10_47_44_266.jpg,/home/workspace/dataset/IMG/left_2019_02_16_10_47_44_266.jpg,/home/workspace/dataset/IMG/right_2019_02_16_10_47_44_266.jpg,0,0,0,11.41002
/home/workspace/dataset/IMG/center_2019_02_16_10_47_44_360.jpg,/home/workspace/dataset/IMG/left_2019_02_16_10_47_44_360.jpg,/home/workspace/dataset/IMG/right_2019_02_16_10_47_44_360.jpg,0,0,0,11.30795
/home/workspace/dataset/IMG/center_2019_02_16_10_47_44_458.jpg,/home/workspace/dataset/IMG/left_2019_02_16_10_47_44_458.jpg,/home/workspace/dataset/IMG/right_2019_02_16_10_47_44_458.jpg,0,0,0,11.26572
/home/workspace/dataset/IMG/center_2019_02_16_10_47_44_553.jpg,/home/workspace/dataset/IMG/left_2019_02_16_10_47_44_553.jpg,/home/workspace/dataset/IMG/right_2019_02_16_10_47_44_553.jpg,0,0,0,11.22315
/home/workspace/dataset/IMG/center_2019_02_16_10_47_44_637.jpg,/home/workspace/dataset/IMG/left_2019_02_16_10_47_44_637.jpg,/home/workspace/dataset/IMG/right_2019_02_16_10_47_44_637.jpg,0,0,0,11.08695
/home/workspace/dataset/IMG/center_2019_02_16_10_47_44_734.jpg,/home/workspace/dataset/IMG/left_2019_02_16_10_47_44_734.jpg,/home/workspace/dataset/IMG/right_2019_02_16_10_47_44_734.jpg,0,0,0,10.99636
/home/workspace/dataset/IMG/center_2019_02_16_10_47_44_832.jpg,/home/workspace/dataset/IMG/left_2019_02_16_10_47_44_832.jpg,/home/workspace/dataset/IMG/right_2019_02_16_10_47_44_832.jpg,0,0,0,10.88415
/home/workspace/dataset/IMG/center_2019_02_16_10_47_44_904.jpg,/home/workspace/dataset/IMG/left_2019_02_16_10_47_44_904.jpg,/home/workspace/dataset/IMG/right_2019_02_16_10_47_44_904.jpg,0,0,0,10.79519
/home/workspace/dataset/IMG/center_2019_02_16_10_47_44_975.jpg,/home/workspace/dataset/IMG/left_2019_02_16_10_47_44_975.jpg,/home/workspace/dataset/IMG/right_2019_02_16_10_47_44_975.jpg,0,0.2114668,0,10.8124
/home/workspace/dataset/IMG/center_2019_02_16_10_47_45_070.jpg,/home/workspace/dataset/IMG/left_2019_02_16_10_47_45_070.jpg,/home/workspace/dataset/IMG/right_2019_02_16_10_47_45_070.jpg,0,0.498162,0,11.14931
/home/workspace/dataset/IMG/center_2019_02_16_10_47_45_169.jpg,/home/workspace/dataset/IMG/left_2019_02_16_10_47_45_169.jpg,/home/workspace/dataset/IMG/right_2019_02_16_10_47_45_169.jpg,0,0.3872488,0,11.26615
/home/workspace/dataset/IMG/center_2019_02_16_10_47_45_274.jpg,/home/workspace/dataset/IMG/left_2019_02_16_10_47_45_274.jpg,/home/workspace/dataset/IMG/right_2019_02_16_10_47_45_274.jpg,0,0.0943737,0,12.00128
/home/workspace/dataset/IMG/center_2019_02_16_10_47_45_374.jpg,/home/workspace/dataset/IMG/left_2019_02_16_10_47_45_374.jpg,/home/workspace/dataset/IMG/right_2019_02_16_10_47_45_374.jpg,0,0,0,11.48856
/home/workspace/dataset/IMG/center_2019_02_16_10_47_45_474.jpg,/home/workspace/dataset/IMG/left_2019_02_16_10_47_45_474.jpg,/home/workspace/dataset/IMG/right_2019_02_16_10_47_45_474.jpg,0,0,0,11.68746
/home/workspace/dataset/IMG/center_2019_02_16_10_47_45_541.jpg,/home/workspace/dataset/IMG/left_2019_02_16_10_47_45_541.jpg,/home/workspace/dataset/IMG/right_2019_02_16_10_47_45_541.jpg,0,0,0,11.22575
/home/workspace/dataset/IMG/center_2019_02_16_10_47_45_632.jpg,/home/workspace/dataset/IMG/left_2019_02_16_10_47_45_632.jpg,/home/workspace/dataset/IMG/right_2019_02_16_10_47_45_632.jpg,0,0,0,11.35095
/home/workspace/dataset/IMG/center_2019_02_16_10_47_45_734.jpg,/home/workspace/dataset/IMG/left_2019_02_16_10_47_45_734.jpg,/home/workspace/dataset/IMG/right_2019_02_16_10_47_45_734.jpg,0,0,0,11.24045
/home/workspace/dataset/IMG/center_2019_02_16_10_47_45_794.jpg,/home/workspace/dataset/IMG/left_2019_02_16_10_47_45_794.jpg,/home/workspace/dataset/IMG/right_2019_02_16_10_47_45_794.jpg,0,0,0,11.17658
/home/workspace/dataset/IMG/center_2019_02_16_10_47_45_864.jpg,/home/workspace/dataset/IMG/left_2019_02_16_10_47_45_864.jpg,/home/workspace/dataset/IMG/right_2019_02_16_10_47_45_864.jpg,0,0,0,11.08587
/home/workspace/dataset/IMG/center_2019_02_16_10_47_45_957.jpg,/home/workspace/dataset/IMG/left_2019_02_16_10_47_45_957.jpg,/home/workspace/dataset/IMG/right_2019_02_16_10_47_45_957.jpg,0,0,0,10.97277
/home/workspace/dataset/IMG/center_2019_02_16_10_47_46_051.jpg,/home/workspace/dataset/IMG/left_2019_02_16_10_47_46_051.jpg,/home/workspace/dataset/IMG/right_2019_02_16_10_47_46_051.jpg,0,0,0,10.8831
/home/workspace/dataset/IMG/center_2019_02_16_10_47_46_150.jpg,/home/workspace/dataset/IMG/left_2019_02_16_10_47_46_150.jpg,/home/workspace/dataset/IMG/right_2019_02_16_10_47_46_150.jpg,0,0,0,10.77202
/home/workspace/dataset/IMG/center_2019_02_16_10_47_46_220.jpg,/home/workspace/dataset/IMG/left_2019_02_16_10_47_46_220.jpg,/home/workspace/dataset/IMG/right_2019_02_16_10_47_46_220.jpg,0,0,0,10.68397
/home/workspace/dataset/IMG/center_2019_02_16_10_47_46_312.jpg,/home/workspace/dataset/IMG/left_2019_02_16_10_47_46_312.jpg,/home/workspace/dataset/IMG/right_2019_02_16_10_47_46_312.jpg,0,0,0,10.59662
/home/workspace/dataset/IMG/center_2019_02_16_10_47_46_402.jpg,/home/workspace/dataset/IMG/left_2019_02_16_10_47_46_402.jpg,/home/workspace/dataset/IMG/right_2019_02_16_10_47_46_402.jpg,0,0,0,10.48843
/home/workspace/dataset/IMG/center_2019_02_16_10_47_46_473.jpg,/home/workspace/dataset/IMG/left_2019_02_16_10_47_46_473.jpg,/home/workspace/dataset/IMG/right_2019_02_16_10_47_46_473.jpg,0,0,0,10.42403
/home/workspace/dataset/IMG/center_2019_02_16_10_47_46_541.jpg,/home/workspace/dataset/IMG/left_2019_02_16_10_47_46_541.jpg,/home/workspace/dataset/IMG/right_2019_02_16_10_47_46_541.jpg,0,0,0,10.33877
/home/workspace/dataset/IMG/center_2019_02_16_10_47_46_642.jpg,/home/workspace/dataset/IMG/left_2019_02_16_10_47_46_642.jpg,/home/workspace/dataset/IMG/right_2019_02_16_10_47_46_642.jpg,0,0,0,10.23317
/home/workspace/dataset/IMG/center_2019_02_16_10_47_46_709.jpg,/home/workspace/dataset/IMG/left_2019_02_16_10_47_46_709.jpg,/home/workspace/dataset/IMG/right_2019_02_16_10_47_46_709.jpg,0,0,0,10.17031
/home/workspace/dataset/IMG/center_2019_02_16_10_47_46_805.jpg,/home/workspace/dataset/IMG/left_2019_02_16_10_47_46_805.jpg,/home/workspace/dataset/IMG/right_2019_02_16_10_47_46_805.jpg,0,0,0,10.06639
/home/workspace/dataset/IMG/center_2019_02_16_10_47_46_903.jpg,/home/workspace/dataset/IMG/left_2019_02_16_10_47_46_903.jpg,/home/workspace/dataset/IMG/right_2019_02_16_10_47_46_903.jpg,0,0,0,9.963522
/home/workspace/dataset/IMG/center_2019_02_16_10_47_47_031.jpg,/home/workspace/dataset/IMG/left_2019_02_16_10_47_47_031.jpg,/home/workspace/dataset/IMG/right_2019_02_16_10_47_47_031.jpg,0,0,0,9.902296
/home/workspace/dataset/IMG/center_2019_02_16_10_47_59_426.jpg,/home/workspace/dataset/IMG/left_2019_02_16_10_47_59_426.jpg,/home/workspace/dataset/IMG/right_2019_02_16_10_47_59_426.jpg,0,0,0,7.590823
/home/workspace/dataset/IMG/center_2019_02_16_10_47_59_525.jpg,/home/workspace/dataset/IMG/left_2019_02_16_10_47_59_525.jpg,/home/workspace/dataset/IMG/right_2019_02_16_10_47_59_525.jpg,0,0,0,7.513025
/home/workspace/dataset/IMG/center_2019_02_16_10_47_59_593.jpg,/home/workspace/dataset/IMG/left_2019_02_16_10_47_59_593.jpg,/home/workspace/dataset/IMG/right_2019_02_16_10_47_59_593.jpg,0,0,0,7.466722
/home/workspace/dataset/IMG/center_2019_02_16_10_47_59_662.jpg,/home/workspace/dataset/IMG/left_2019_02_16_10_47_59_662.jpg,/home/workspace/dataset/IMG/right_2019_02_16_10_47_59_662.jpg,0,0,0,7.40542
/home/workspace/dataset/IMG/center_2019_02_16_10_47_59_746.jpg,/home/workspace/dataset/IMG/left_2019_02_16_10_47_59_746.jpg,/home/workspace/dataset/IMG/right_2019_02_16_10_47_59_746.jpg,0,0,0,7.344611
/home/workspace/dataset/IMG/center_2019_02_16_10_47_59_841.jpg,/home/workspace/dataset/IMG/left_2019_02_16_10_47_59_841.jpg,/home/workspace/dataset/IMG/right_2019_02_16_10_47_59_841.jpg,0,0,0,7.269286
/home/workspace/dataset/IMG/center_2019_02_16_10_47_59_922.jpg,/home/workspace/dataset/IMG/left_2019_02_16_10_47_59_922.jpg,/home/workspace/dataset/IMG/right_2019_02_16_10_47_59_922.jpg,0,0,0,7.209571
/home/workspace/dataset/IMG/center_2019_02_16_10_48_00_012.jpg,/home/workspace/dataset/IMG/left_2019_02_16_10_48_00_012.jpg,/home/workspace/dataset/IMG/right_2019_02_16_10_48_00_012.jpg,0,0,0,7.150336
/home/workspace/dataset/IMG/center_2019_02_16_10_48_00_107.jpg,/home/workspace/dataset/IMG/left_2019_02_16_10_48_00_107.jpg,/home/workspace/dataset/IMG/right_2019_02_16_10_48_00_107.jpg,0,0,0,7.076961
/home/workspace/dataset/IMG/center_2019_02_16_10_48_00_176.jpg,/home/workspace/dataset/IMG/left_2019_02_16_10_48_00_176.jpg,/home/workspace/dataset/IMG/right_2019_02_16_10_48_00_176.jpg,0,0,0,7.018792
/home/workspace/dataset/IMG/center_2019_02_16_10_48_00_267.jpg,/home/workspace/dataset/IMG/left_2019_02_16_10_48_00_267.jpg,/home/workspace/dataset/IMG/right_2019_02_16_10_48_00_267.jpg,0,0,0,6.961089
/home/workspace/dataset/IMG/center_2019_02_16_10_48_00_346.jpg,/home/workspace/dataset/IMG/left_2019_02_16_10_48_00_346.jpg,/home/workspace/dataset/IMG/right_2019_02_16_10_48_00_346.jpg,-0.15,0,0,6.899357
/home/workspace/dataset/IMG/center_2019_02_16_10_48_00_430.jpg,/home/workspace/dataset/IMG/left_2019_02_16_10_48_00_430.jpg,/home/workspace/dataset/IMG/right_2019_02_16_10_48_00_430.jpg,-0.35,0,0,6.820008
/home/workspace/dataset/IMG/center_2019_02_16_10_48_00_528.jpg,/home/workspace/dataset/IMG/left_2019_02_16_10_48_00_528.jpg,/home/workspace/dataset/IMG/right_2019_02_16_10_48_00_528.jpg,-0.1255596,0,0,6.746319
/home/workspace/dataset/IMG/center_2019_02_16_10_48_00_626.jpg,/home/workspace/dataset/IMG/left_2019_02_16_10_48_00_626.jpg,/home/workspace/dataset/IMG/right_2019_02_16_10_48_00_626.jpg,0,0,0,6.671872
/home/workspace/dataset/IMG/center_2019_02_16_10_48_00_697.jpg,/home/workspace/dataset/IMG/left_2019_02_16_10_48_00_697.jpg,/home/workspace/dataset/IMG/right_2019_02_16_10_48_00_697.jpg,0,0,0,6.616858
/home/workspace/dataset/IMG/center_2019_02_16_10_48_00_801.jpg,/home/workspace/dataset/IMG/left_2019_02_16_10_48_00_801.jpg,/home/workspace/dataset/IMG/right_2019_02_16_10_48_00_801.jpg,0,0,0,6.548989
/home/workspace/dataset/IMG/center_2019_02_16_10_48_00_877.jpg,/home/workspace/dataset/IMG/left_2019_02_16_10_48_00_877.jpg,/home/workspace/dataset/IMG/right_2019_02_16_10_48_00_877.jpg,0,0,0,6.495203
/home/workspace/dataset/IMG/center_2019_02_16_10_48_00_982.jpg,/home/workspace/dataset/IMG/left_2019_02_16_10_48_00_982.jpg,/home/workspace/dataset/IMG/right_2019_02_16_10_48_00_982.jpg,0,0,0,6.42858
/home/workspace/dataset/IMG/center_2019_02_16_10_48_01_056.jpg,/home/workspace/dataset/IMG/left_2019_02_16_10_48_01_056.jpg,/home/workspace/dataset/IMG/right_2019_02_16_10_48_01_056.jpg,0,0,0,6.388928
/home/workspace/dataset/IMG/center_2019_02_16_10_48_06_067.jpg,/home/workspace/dataset/IMG/left_2019_02_16_10_48_06_067.jpg,/home/workspace/dataset/IMG/right_2019_02_16_10_48_06_067.jpg,0,0,0,9.621082
/home/workspace/dataset/IMG/center_2019_02_16_10_48_06_146.jpg,/home/workspace/dataset/IMG/left_2019_02_16_10_48_06_146.jpg,/home/workspace/dataset/IMG/right_2019_02_16_10_48_06_146.jpg,0,0,0,9.542603
/home/workspace/dataset/IMG/center_2019_02_16_10_48_06_228.jpg,/home/workspace/dataset/IMG/left_2019_02_16_10_48_06_228.jpg,/home/workspace/dataset/IMG/right_2019_02_16_10_48_06_228.jpg,0,0,0,9.464751
/home/workspace/dataset/IMG/center_2019_02_16_10_48_06_306.jpg,/home/workspace/dataset/IMG/left_2019_02_16_10_48_06_306.jpg,/home/workspace/dataset/IMG/right_2019_02_16_10_48_06_306.jpg,0,0.1265194,0,9.439132
/home/workspace/dataset/IMG/center_2019_02_16_10_48_06_388.jpg,/home/workspace/dataset/IMG/left_2019_02_16_10_48_06_388.jpg,/home/workspace/dataset/IMG/right_2019_02_16_10_48_06_388.jpg,0,0.3741846,0,9.644698
/home/workspace/dataset/IMG/center_2019_02_16_10_48_06_473.jpg,/home/workspace/dataset/IMG/left_2019_02_16_10_48_06_473.jpg,/home/workspace/dataset/IMG/right_2019_02_16_10_48_06_473.jpg,0,0.6270125,0,10.09236
/home/workspace/dataset/IMG/center_2019_02_16_10_48_06_548.jpg,/home/workspace/dataset/IMG/left_2019_02_16_10_48_06_548.jpg,/home/workspace/dataset/IMG/right_2019_02_16_10_48_06_548.jpg,0,0.8540976,0,10.76521
/home/workspace/dataset/IMG/center_2019_02_16_10_48_06_633.jpg,/home/workspace/dataset/IMG/left_2019_02_16_10_48_06_633.jpg,/home/workspace/dataset/IMG/right_2019_02_16_10_48_06_633.jpg,0,0.5991282,0,11.40693
/home/workspace/dataset/IMG/center_2019_02_16_10_48_06_726.jpg,/home/workspace/dataset/IMG/left_2019_02_16_10_48_06_726.jpg,/home/workspace/dataset/IMG/right_2019_02_16_10_48_06_726.jpg,0,0.3219817,0,11.55939
/home/workspace/dataset/IMG/center_2019_02_16_10_48_06_818.jpg,/home/workspace/dataset/IMG/left_2019_02_16_10_48_06_818.jpg,/home/workspace/dataset/IMG/right_2019_02_16_10_48_06_818.jpg,0,0.07823181,0,11.56711
/home/workspace/dataset/IMG/center_2019_02_16_10_48_06_899.jpg,/home/workspace/dataset/IMG/left_2019_02_16_10_48_06_899.jpg,/home/workspace/dataset/IMG/right_2019_02_16_10_48_06_899.jpg,0,0,0,11.55732
/home/workspace/dataset/IMG/center_2019_02_16_10_48_06_978.jpg,/home/workspace/dataset/IMG/left_2019_02_16_10_48_06_978.jpg,/home/workspace/dataset/IMG/right_2019_02_16_10_48_06_978.jpg,0,0,0,11.53958
/home/workspace/dataset/IMG/center_2019_02_16_10_48_07_062.jpg,/home/workspace/dataset/IMG/left_2019_02_16_10_48_07_062.jpg,/home/workspace/dataset/IMG/right_2019_02_16_10_48_07_062.jpg,0,0,0,11.39366
/home/workspace/dataset/IMG/center_2019_02_16_10_48_07_143.jpg,/home/workspace/dataset/IMG/left_2019_02_16_10_48_07_143.jpg,/home/workspace/dataset/IMG/right_2019_02_16_10_48_07_143.jpg,0,0,0,11.33122
/home/workspace/dataset/IMG/center_2019_02_16_10_48_07_220.jpg,/home/workspace/dataset/IMG/left_2019_02_16_10_48_07_220.jpg,/home/workspace/dataset/IMG/right_2019_02_16_10_48_07_220.jpg,0,0,0,11.2446
/home/workspace/dataset/IMG/center_2019_02_16_10_48_07_287.jpg,/home/workspace/dataset/IMG/left_2019_02_16_10_48_07_287.jpg,/home/workspace/dataset/IMG/right_2019_02_16_10_48_07_287.jpg,0,0,0,11.16976
/home/workspace/dataset/IMG/center_2019_02_16_10_48_07_368.jpg,/home/workspace/dataset/IMG/left_2019_02_16_10_48_07_368.jpg,/home/workspace/dataset/IMG/right_2019_02_16_10_48_07_368.jpg,0,0,0,11.13659
/home/workspace/dataset/IMG/center_2019_02_16_10_48_15_963.jpg,/home/workspace/dataset/IMG/left_2019_02_16_10_48_15_963.jpg,/home/workspace/dataset/IMG/right_2019_02_16_10_48_15_963.jpg,0,0,0,14.92685
/home/workspace/dataset/IMG/center_2019_02_16_10_48_16_032.jpg,/home/workspace/dataset/IMG/left_2019_02_16_10_48_16_032.jpg,/home/workspace/dataset/IMG/right_2019_02_16_10_48_16_032.jpg,0,0,0,14.80903
/home/workspace/dataset/IMG/center_2019_02_16_10_48_16_092.jpg,/home/workspace/dataset/IMG/left_2019_02_16_10_48_16_092.jpg,/home/workspace/dataset/IMG/right_2019_02_16_10_48_16_092.jpg,-0.15,0,0,14.20681
/home/workspace/dataset/IMG/center_2019_02_16_10_48_16_198.jpg,/home/workspace/dataset/IMG/left_2019_02_16_10_48_16_198.jpg,/home/workspace/dataset/IMG/right_2019_02_16_10_48_16_198.jpg,-0.4,0,0,14.50287
/home/workspace/dataset/IMG/center_2019_02_16_10_48_16_298.jpg,/home/workspace/dataset/IMG/left_2019_02_16_10_48_16_298.jpg,/home/workspace/dataset/IMG/right_2019_02_16_10_48_16_298.jpg,-0.6500001,0,0,13.72897
/home/workspace/dataset/IMG/center_2019_02_16_10_48_16_363.jpg,/home/workspace/dataset/IMG/left_2019_02_16_10_48_16_363.jpg,/home/workspace/dataset/IMG/right_2019_02_16_10_48_16_363.jpg,-0.8000001,0,0,13.99048
/home/workspace/dataset/IMG/center_2019_02_16_10_48_16_433.jpg,/home/workspace/dataset/IMG/left_2019_02_16_10_48_16_433.jpg,/home/workspace/dataset/IMG/right_2019_02_16_10_48_16_433.jpg,-0.8945741,0,0,13.76468
/home/workspace/dataset/IMG/center_2019_02_16_10_48_16_506.jpg,/home/workspace/dataset/IMG/left_2019_02_16_10_48_16_506.jpg,/home/workspace/dataset/IMG/right_2019_02_16_10_48_16_506.jpg,-0.6794353,0,0,13.13144
/home/workspace/dataset/IMG/center_2019_02_16_10_48_16_578.jpg,/home/workspace/dataset/IMG/left_2019_02_16_10_48_16_578.jpg,/home/workspace/dataset/IMG/right_2019_02_16_10_48_16_578.jpg,-0.4602044,0,0,13.06525
/home/workspace/dataset/IMG/center_2019_02_16_10_48_16_645.jpg,/home/workspace/dataset/IMG/left_2019_02_16_10_48_16_645.jpg,/home/workspace/dataset/IMG/right_2019_02_16_10_48_16_645.jpg,-0.25687,0,0,12.96676
/home/workspace/dataset/IMG/center_2019_02_16_10_48_16_715.jpg,/home/workspace/dataset/IMG/left_2019_02_16_10_48_16_715.jpg,/home/workspace/dataset/IMG/right_2019_02_16_10_48_16_715.jpg,-0.0513556,0,0,13.43223
/home/workspace/dataset/IMG/center_2019_02_16_10_48_16_785.jpg,/home/workspace/dataset/IMG/left_2019_02_16_10_48_16_785.jpg,/home/workspace/dataset/IMG/right_2019_02_16_10_48_16_785.jpg,0,0,0,12.81459
/home/workspace/dataset/IMG/center_2019_02_16_10_48_16_858.jpg,/home/workspace/dataset/IMG/left_2019_02_16_10_48_16_858.jpg,/home/workspace/dataset/IMG/right_2019_02_16_10_48_16_858.jpg,0,0,0,12.79832
/home/workspace/dataset/IMG/center_2019_02_16_10_48_16_926.jpg,/home/workspace/dataset/IMG/left_2019_02_16_10_48_16_926.jpg,/home/workspace/dataset/IMG/right_2019_02_16_10_48_16_926.jpg,0,0,0,12.80935
/home/workspace/dataset/IMG/center_2019_02_16_10_48_16_993.jpg,/home/workspace/dataset/IMG/left_2019_02_16_10_48_16_993.jpg,/home/workspace/dataset/IMG/right_2019_02_16_10_48_16_993.jpg,0,0,0,12.92811
/home/workspace/dataset/IMG/center_2019_02_16_10_48_17_096.jpg,/home/workspace/dataset/IMG/left_2019_02_16_10_48_17_096.jpg,/home/workspace/dataset/IMG/right_2019_02_16_10_48_17_096.jpg,0,0,0,12.58696
/home/workspace/dataset/IMG/center_2019_02_16_10_48_17_167.jpg,/home/workspace/dataset/IMG/left_2019_02_16_10_48_17_167.jpg,/home/workspace/dataset/IMG/right_2019_02_16_10_48_17_167.jpg,0,0,0,12.73999
/home/workspace/dataset/IMG/center_2019_02_16_10_48_17_239.jpg,/home/workspace/dataset/IMG/left_2019_02_16_10_48_17_239.jpg,/home/workspace/dataset/IMG/right_2019_02_16_10_48_17_239.jpg,0,0,0,12.64899
/home/workspace/dataset/IMG/center_2019_02_16_10_48_17_305.jpg,/home/workspace/dataset/IMG/left_2019_02_16_10_48_17_305.jpg,/home/workspace/dataset/IMG/right_2019_02_16_10_48_17_305.jpg,0,0,0,12.48763
/home/workspace/dataset/IMG/center_2019_02_16_10_48_17_405.jpg,/home/workspace/dataset/IMG/left_2019_02_16_10_48_17_405.jpg,/home/workspace/dataset/IMG/right_2019_02_16_10_48_17_405.jpg,0,0,0,12.35005
/home/workspace/dataset/IMG/center_2019_02_16_10_48_17_474.jpg,/home/workspace/dataset/IMG/left_2019_02_16_10_48_17_474.jpg,/home/workspace/dataset/IMG/right_2019_02_16_10_48_17_474.jpg,0,0,0,12.2366
/home/workspace/dataset/IMG/center_2019_02_16_10_48_17_547.jpg,/home/workspace/dataset/IMG/left_2019_02_16_10_48_17_547.jpg,/home/workspace/dataset/IMG/right_2019_02_16_10_48_17_547.jpg,0,0,0,12.13713
/home/workspace/dataset/IMG/center_2019_02_16_10_48_17_620.jpg,/home/workspace/dataset/IMG/left_2019_02_16_10_48_17_620.jpg,/home/workspace/dataset/IMG/right_2019_02_16_10_48_17_620.jpg,0,0,0,11.81653
/home/workspace/dataset/IMG/center_2019_02_16_10_48_17_691.jpg,/home/workspace/dataset/IMG/left_2019_02_16_10_48_17_691.jpg,/home/workspace/dataset/IMG/right_2019_02_16_10_48_17_691.jpg,0,0,0,11.7216
/home/workspace/dataset/IMG/center_2019_02_16_10_48_17_762.jpg,/home/workspace/dataset/IMG/left_2019_02_16_10_48_17_762.jpg,/home/workspace/dataset/IMG/right_2019_02_16_10_48_17_762.jpg,0,0,0,11.89311
/home/workspace/dataset/IMG/center_2019_02_16_10_48_17_839.jpg,/home/workspace/dataset/IMG/left_2019_02_16_10_48_17_839.jpg,/home/workspace/dataset/IMG/right_2019_02_16_10_48_17_839.jpg,0,0,0,11.79395
/home/workspace/dataset/IMG/center_2019_02_16_10_48_17_913.jpg,/home/workspace/dataset/IMG/left_2019_02_16_10_48_17_913.jpg,/home/workspace/dataset/IMG/right_2019_02_16_10_48_17_913.jpg,0.1,0,0,11.69323
/home/workspace/dataset/IMG/center_2019_02_16_10_48_17_985.jpg,/home/workspace/dataset/IMG/left_2019_02_16_10_48_17_985.jpg,/home/workspace/dataset/IMG/right_2019_02_16_10_48_17_985.jpg,0.3,0,0,11.56732
/home/workspace/dataset/IMG/center_2019_02_16_10_48_18_085.jpg,/home/workspace/dataset/IMG/left_2019_02_16_10_48_18_085.jpg,/home/workspace/dataset/IMG/right_2019_02_16_10_48_18_085.jpg,0.4152031,0,0,11.16727
/home/workspace/dataset/IMG/center_2019_02_16_10_48_18_174.jpg,/home/workspace/dataset/IMG/left_2019_02_16_10_48_18_174.jpg,/home/workspace/dataset/IMG/right_2019_02_16_10_48_18_174.jpg,0.1196401,0,0,11.4253
/home/workspace/dataset/IMG/center_2019_02_16_10_48_18_270.jpg,/home/workspace/dataset/IMG/left_2019_02_16_10_48_18_270.jpg,/home/workspace/dataset/IMG/right_2019_02_16_10_48_18_270.jpg,0,0,0,11.14465
/home/workspace/dataset/IMG/center_2019_02_16_10_48_18_367.jpg,/home/workspace/dataset/IMG/left_2019_02_16_10_48_18_367.jpg,/home/workspace/dataset/IMG/right_2019_02_16_10_48_18_367.jpg,0,0,0,11.03105
/home/workspace/dataset/IMG/center_2019_02_16_10_48_18_438.jpg,/home/workspace/dataset/IMG/left_2019_02_16_10_48_18_438.jpg,/home/workspace/dataset/IMG/right_2019_02_16_10_48_18_438.jpg,0,0,0,10.94174
/home/workspace/dataset/IMG/center_2019_02_16_10_48_18_538.jpg,/home/workspace/dataset/IMG/left_2019_02_16_10_48_18_538.jpg,/home/workspace/dataset/IMG/right_2019_02_16_10_48_18_538.jpg,0,0,0,10.83122
/home/workspace/dataset/IMG/center_2019_02_16_10_48_18_608.jpg,/home/workspace/dataset/IMG/left_2019_02_16_10_48_18_608.jpg,/home/workspace/dataset/IMG/right_2019_02_16_10_48_18_608.jpg,0,0,0,10.76544
/home/workspace/dataset/IMG/center_2019_02_16_10_48_18_679.jpg,/home/workspace/dataset/IMG/left_2019_02_16_10_48_18_679.jpg,/home/workspace/dataset/IMG/right_2019_02_16_10_48_18_679.jpg,0,0,0,10.67851
/home/workspace/dataset/IMG/center_2019_02_16_10_48_18_749.jpg,/home/workspace/dataset/IMG/left_2019_02_16_10_48_18_749.jpg,/home/workspace/dataset/IMG/right_2019_02_16_10_48_18_749.jpg,0,0,0,10.6142
/home/workspace/dataset/IMG/center_2019_02_16_10_48_18_818.jpg,/home/workspace/dataset/IMG/left_2019_02_16_10_48_18_818.jpg,/home/workspace/dataset/IMG/right_2019_02_16_10_48_18_818.jpg,0,0,0,10.52912
/home/workspace/dataset/IMG/center_2019_02_16_10_48_18_891.jpg,/home/workspace/dataset/IMG/left_2019_02_16_10_48_18_891.jpg,/home/workspace/dataset/IMG/right_2019_02_16_10_48_18_891.jpg,0,0,0,10.46577
/home/workspace/dataset/IMG/center_2019_02_16_10_48_18_959.jpg,/home/workspace/dataset/IMG/left_2019_02_16_10_48_18_959.jpg,/home/workspace/dataset/IMG/right_2019_02_16_10_48_18_959.jpg,0,0,0,10.38189
/home/workspace/dataset/IMG/center_2019_02_16_10_48_19_030.jpg,/home/workspace/dataset/IMG/left_2019_02_16_10_48_19_030.jpg,/home/workspace/dataset/IMG/right_2019_02_16_10_48_19_030.jpg,0,0,0,10.31943
/home/workspace/dataset/IMG/center_2019_02_16_10_48_19_099.jpg,/home/workspace/dataset/IMG/left_2019_02_16_10_48_19_099.jpg,/home/workspace/dataset/IMG/right_2019_02_16_10_48_19_099.jpg,0,0,0,10.23717
/home/workspace/dataset/IMG/center_2019_02_16_10_48_19_170.jpg,/home/workspace/dataset/IMG/left_2019_02_16_10_48_19_170.jpg,/home/workspace/dataset/IMG/right_2019_02_16_10_48_19_170.jpg,0,0,0,10.17628
/home/workspace/dataset/IMG/center_2019_02_16_10_48_19_250.jpg,/home/workspace/dataset/IMG/left_2019_02_16_10_48_19_250.jpg,/home/workspace/dataset/IMG/right_2019_02_16_10_48_19_250.jpg,0,0,0,10.09582
/home/workspace/dataset/IMG/center_2019_02_16_10_48_19_325.jpg,/home/workspace/dataset/IMG/left_2019_02_16_10_48_19_325.jpg,/home/workspace/dataset/IMG/right_2019_02_16_10_48_19_325.jpg,0,0,0,10.01599
/home/workspace/dataset/IMG/center_2019_02_16_10_48_19_395.jpg,/home/workspace/dataset/IMG/left_2019_02_16_10_48_19_395.jpg,/home/workspace/dataset/IMG/right_2019_02_16_10_48_19_395.jpg,0,0,0,9.956536
/home/workspace/dataset/IMG/center_2019_02_16_10_48_19_466.jpg,/home/workspace/dataset/IMG/left_2019_02_16_10_48_19_466.jpg,/home/workspace/dataset/IMG/right_2019_02_16_10_48_19_466.jpg,0,0,0,9.877824
/home/workspace/dataset/IMG/center_2019_02_16_10_48_19_535.jpg,/home/workspace/dataset/IMG/left_2019_02_16_10_48_19_535.jpg,/home/workspace/dataset/IMG/right_2019_02_16_10_48_19_535.jpg,0,0,0,9.819199
/home/workspace/dataset/IMG/center_2019_02_16_10_48_19_607.jpg,/home/workspace/dataset/IMG/left_2019_02_16_10_48_19_607.jpg,/home/workspace/dataset/IMG/right_2019_02_16_10_48_19_607.jpg,0,0,0,9.741601
/home/workspace/dataset/IMG/center_2019_02_16_10_48_19_673.jpg,/home/workspace/dataset/IMG/left_2019_02_16_10_48_19_673.jpg,/home/workspace/dataset/IMG/right_2019_02_16_10_48_19_673.jpg,0,0,0,9.683806
/home/workspace/dataset/IMG/center_2019_02_16_10_48_19_744.jpg,/home/workspace/dataset/IMG/left_2019_02_16_10_48_19_744.jpg,/home/workspace/dataset/IMG/right_2019_02_16_10_48_19_744.jpg,-0.1,0,0,9.605079
/home/workspace/dataset/IMG/center_2019_02_16_10_48_19_814.jpg,/home/workspace/dataset/IMG/left_2019_02_16_10_48_19_814.jpg,/home/workspace/dataset/IMG/right_2019_02_16_10_48_19_814.jpg,-0.25,0,0,9.531806
/home/workspace/dataset/IMG/center_2019_02_16_10_48_19_891.jpg,/home/workspace/dataset/IMG/left_2019_02_16_10_48_19_891.jpg,/home/workspace/dataset/IMG/right_2019_02_16_10_48_19_891.jpg,-0.45,0,0,9.410265
/home/workspace/dataset/IMG/center_2019_02_16_10_48_19_963.jpg,/home/workspace/dataset/IMG/left_2019_02_16_10_48_19_963.jpg,/home/workspace/dataset/IMG/right_2019_02_16_10_48_19_963.jpg,-0.3349292,0,0,9.323535
/home/workspace/dataset/IMG/center_2019_02_16_10_48_20_042.jpg,/home/workspace/dataset/IMG/left_2019_02_16_10_48_20_042.jpg,/home/workspace/dataset/IMG/right_2019_02_16_10_48_20_042.jpg,-0.09881473,0,0,9.251053
/home/workspace/dataset/IMG/center_2019_02_16_10_48_20_115.jpg,/home/workspace/dataset/IMG/left_2019_02_16_10_48_20_115.jpg,/home/workspace/dataset/IMG/right_2019_02_16_10_48_20_115.jpg,0,0,0,9.188988
/home/workspace/dataset/IMG/center_2019_02_16_10_48_20_183.jpg,/home/workspace/dataset/IMG/left_2019_02_16_10_48_20_183.jpg,/home/workspace/dataset/IMG/right_2019_02_16_10_48_20_183.jpg,0,0,0,9.116196
/home/workspace/dataset/IMG/center_2019_02_16_10_48_20_250.jpg,/home/workspace/dataset/IMG/left_2019_02_16_10_48_20_250.jpg,/home/workspace/dataset/IMG/right_2019_02_16_10_48_20_250.jpg,0,0,0,9.062895
/home/workspace/dataset/IMG/center_2019_02_16_10_48_20_319.jpg,/home/workspace/dataset/IMG/left_2019_02_16_10_48_20_319.jpg,/home/workspace/dataset/IMG/right_2019_02_16_10_48_20_319.jpg,-0.2,0,0,8.982196
/home/workspace/dataset/IMG/center_2019_02_16_10_48_20_388.jpg,/home/workspace/dataset/IMG/left_2019_02_16_10_48_20_388.jpg,/home/workspace/dataset/IMG/right_2019_02_16_10_48_20_388.jpg,-0.35,0,0,8.904187
/home/workspace/dataset/IMG/center_2019_02_16_10_48_20_458.jpg,/home/workspace/dataset/IMG/left_2019_02_16_10_48_20_458.jpg,/home/workspace/dataset/IMG/right_2019_02_16_10_48_20_458.jpg,-0.1988876,0,0,8.830643
/home/workspace/dataset/IMG/center_2019_02_16_10_48_20_528.jpg,/home/workspace/dataset/IMG/left_2019_02_16_10_48_20_528.jpg,/home/workspace/dataset/IMG/right_2019_02_16_10_48_20_528.jpg,0,0,0,8.772914
/home/workspace/dataset/IMG/center_2019_02_16_10_48_20_600.jpg,/home/workspace/dataset/IMG/left_2019_02_16_10_48_20_600.jpg,/home/workspace/dataset/IMG/right_2019_02_16_10_48_20_600.jpg,0,0,0,8.702538
/home/workspace/dataset/IMG/center_2019_02_16_10_48_20_674.jpg,/home/workspace/dataset/IMG/left_2019_02_16_10_48_20_674.jpg,/home/workspace/dataset/IMG/right_2019_02_16_10_48_20_674.jpg,0,0,0,8.651505
/home/workspace/dataset/IMG/center_2019_02_16_10_48_20_748.jpg,/home/workspace/dataset/IMG/left_2019_02_16_10_48_20_748.jpg,/home/workspace/dataset/IMG/right_2019_02_16_10_48_20_748.jpg,0,0,0,8.58409
/home/workspace/dataset/IMG/center_2019_02_16_10_48_20_822.jpg,/home/workspace/dataset/IMG/left_2019_02_16_10_48_20_822.jpg,/home/workspace/dataset/IMG/right_2019_02_16_10_48_20_822.jpg,-0.1,0,0,8.515082
/home/workspace/dataset/IMG/center_2019_02_16_10_48_20_895.jpg,/home/workspace/dataset/IMG/left_2019_02_16_10_48_20_895.jpg,/home/workspace/dataset/IMG/right_2019_02_16_10_48_20_895.jpg,-0.25,0,0,8.450622
/home/workspace/dataset/IMG/center_2019_02_16_10_48_20_969.jpg,/home/workspace/dataset/IMG/left_2019_02_16_10_48_20_969.jpg,/home/workspace/dataset/IMG/right_2019_02_16_10_48_20_969.jpg,-0.3283439,0,0,8.359055
/home/workspace/dataset/IMG/center_2019_02_16_10_48_21_044.jpg,/home/workspace/dataset/IMG/left_2019_02_16_10_48_21_044.jpg,/home/workspace/dataset/IMG/right_2019_02_16_10_48_21_044.jpg,-0.1024704,0,0,8.295108
/home/workspace/dataset/IMG/center_2019_02_16_10_48_21_113.jpg,/home/workspace/dataset/IMG/left_2019_02_16_10_48_21_113.jpg,/home/workspace/dataset/IMG/right_2019_02_16_10_48_21_113.jpg,0,0,0,8.240379
/home/workspace/dataset/IMG/center_2019_02_16_10_48_21_187.jpg,/home/workspace/dataset/IMG/left_2019_02_16_10_48_21_187.jpg,/home/workspace/dataset/IMG/right_2019_02_16_10_48_21_187.jpg,0,0,0,8.174451
/home/workspace/dataset/IMG/center_2019_02_16_10_48_21_257.jpg,/home/workspace/dataset/IMG/left_2019_02_16_10_48_21_257.jpg,/home/workspace/dataset/IMG/right_2019_02_16_10_48_21_257.jpg,-0.1,0,0,8.108342
/home/workspace/dataset/IMG/center_2019_02_16_10_48_21_331.jpg,/home/workspace/dataset/IMG/left_2019_02_16_10_48_21_331.jpg,/home/workspace/dataset/IMG/right_2019_02_16_10_48_21_331.jpg,-0.25,0,0,8.047054
/home/workspace/dataset/IMG/center_2019_02_16_10_48_21_427.jpg,/home/workspace/dataset/IMG/left_2019_02_16_10_48_21_427.jpg,/home/workspace/dataset/IMG/right_2019_02_16_10_48_21_427.jpg,-0.5000001,0,0,7.917618
/home/workspace/dataset/IMG/center_2019_02_16_10_48_21_522.jpg,/home/workspace/dataset/IMG/left_2019_02_16_10_48_21_522.jpg,/home/workspace/dataset/IMG/right_2019_02_16_10_48_21_522.jpg,-0.5288758,0,0,7.797099
/home/workspace/dataset/IMG/center_2019_02_16_10_48_21_591.jpg,/home/workspace/dataset/IMG/left_2019_02_16_10_48_21_591.jpg,/home/workspace/dataset/IMG/right_2019_02_16_10_48_21_591.jpg,-0.3215997,0,0,7.759665
/home/workspace/dataset/IMG/center_2019_02_16_10_48_21_669.jpg,/home/workspace/dataset/IMG/left_2019_02_16_10_48_21_669.jpg,/home/workspace/dataset/IMG/right_2019_02_16_10_48_21_669.jpg,-0.09058142,0,0,7.695324
/home/workspace/dataset/IMG/center_2019_02_16_10_48_21_743.jpg,/home/workspace/dataset/IMG/left_2019_02_16_10_48_21_743.jpg,/home/workspace/dataset/IMG/right_2019_02_16_10_48_21_743.jpg,0,0,0,7.626657
/home/workspace/dataset/IMG/center_2019_02_16_10_48_21_818.jpg,/home/workspace/dataset/IMG/left_2019_02_16_10_48_21_818.jpg,/home/workspace/dataset/IMG/right_2019_02_16_10_48_21_818.jpg,0,0,0,7.565579
/home/workspace/dataset/IMG/center_2019_02_16_10_48_21_891.jpg,/home/workspace/dataset/IMG/left_2019_02_16_10_48_21_891.jpg,/home/workspace/dataset/IMG/right_2019_02_16_10_48_21_891.jpg,0,0,0,7.520414
/home/workspace/dataset/IMG/center_2019_02_16_10_48_21_967.jpg,/home/workspace/dataset/IMG/left_2019_02_16_10_48_21_967.jpg,/home/workspace/dataset/IMG/right_2019_02_16_10_48_21_967.jpg,-0.2,0,0,7.451578
/home/workspace/dataset/IMG/center_2019_02_16_10_48_22_040.jpg,/home/workspace/dataset/IMG/left_2019_02_16_10_48_22_040.jpg,/home/workspace/dataset/IMG/right_2019_02_16_10_48_22_040.jpg,-0.4,0,0,7.362335
/home/workspace/dataset/IMG/center_2019_02_16_10_48_22_113.jpg,/home/workspace/dataset/IMG/left_2019_02_16_10_48_22_113.jpg,/home/workspace/dataset/IMG/right_2019_02_16_10_48_22_113.jpg,-0.5500001,0,0,7.28424
/home/workspace/dataset/IMG/center_2019_02_16_10_48_22_185.jpg,/home/workspace/dataset/IMG/left_2019_02_16_10_48_22_185.jpg,/home/workspace/dataset/IMG/right_2019_02_16_10_48_22_185.jpg,-0.7500002,0,0,7.165882
/home/workspace/dataset/IMG/center_2019_02_16_10_48_22_266.jpg,/home/workspace/dataset/IMG/left_2019_02_16_10_48_22_266.jpg,/home/workspace/dataset/IMG/right_2019_02_16_10_48_22_266.jpg,-0.9500002,0,0,7.029317
/home/workspace/dataset/IMG/center_2019_02_16_10_48_22_345.jpg,/home/workspace/dataset/IMG/left_2019_02_16_10_48_22_345.jpg,/home/workspace/dataset/IMG/right_2019_02_16_10_48_22_345.jpg,-1,0,0,6.909329
/home/workspace/dataset/IMG/center_2019_02_16_10_48_22_420.jpg,/home/workspace/dataset/IMG/left_2019_02_16_10_48_22_420.jpg,/home/workspace/dataset/IMG/right_2019_02_16_10_48_22_420.jpg,-1,0,0,6.825963
/home/workspace/dataset/IMG/center_2019_02_16_10_48_22_493.jpg,/home/workspace/dataset/IMG/left_2019_02_16_10_48_22_493.jpg,/home/workspace/dataset/IMG/right_2019_02_16_10_48_22_493.jpg,-1,0,0,6.769034
/home/workspace/dataset/IMG/center_2019_02_16_10_48_22_568.jpg,/home/workspace/dataset/IMG/left_2019_02_16_10_48_22_568.jpg,/home/workspace/dataset/IMG/right_2019_02_16_10_48_22_568.jpg,-1,0,0,6.695352
/home/workspace/dataset/IMG/center_2019_02_16_10_48_22_649.jpg,/home/workspace/dataset/IMG/left_2019_02_16_10_48_22_649.jpg,/home/workspace/dataset/IMG/right_2019_02_16_10_48_22_649.jpg,-1,0,0,6.622508
/home/workspace/dataset/IMG/center_2019_02_16_10_48_22_723.jpg,/home/workspace/dataset/IMG/left_2019_02_16_10_48_22_723.jpg,/home/workspace/dataset/IMG/right_2019_02_16_10_48_22_723.jpg,-0.8896989,0,0,6.56738
/home/workspace/dataset/IMG/center_2019_02_16_10_48_22_802.jpg,/home/workspace/dataset/IMG/left_2019_02_16_10_48_22_802.jpg,/home/workspace/dataset/IMG/right_2019_02_16_10_48_22_802.jpg,-0.6514208,0,0,6.539345
/home/workspace/dataset/IMG/center_2019_02_16_10_48_22_877.jpg,/home/workspace/dataset/IMG/left_2019_02_16_10_48_22_877.jpg,/home/workspace/dataset/IMG/right_2019_02_16_10_48_22_877.jpg,-0.4259858,0,0,6.503972
/home/workspace/dataset/IMG/center_2019_02_16_10_48_22_957.jpg,/home/workspace/dataset/IMG/left_2019_02_16_10_48_22_957.jpg,/home/workspace/dataset/IMG/right_2019_02_16_10_48_22_957.jpg,-0.1874559,0,0,6.455332
/home/workspace/dataset/IMG/center_2019_02_16_10_48_23_034.jpg,/home/workspace/dataset/IMG/left_2019_02_16_10_48_23_034.jpg,/home/workspace/dataset/IMG/right_2019_02_16_10_48_23_034.jpg,0,0,0,6.409733
/home/workspace/dataset/IMG/center_2019_02_16_10_48_23_107.jpg,/home/workspace/dataset/IMG/left_2019_02_16_10_48_23_107.jpg,/home/workspace/dataset/IMG/right_2019_02_16_10_48_23_107.jpg,0,0,0,6.356128
/home/workspace/dataset/IMG/center_2019_02_16_10_48_23_182.jpg,/home/workspace/dataset/IMG/left_2019_02_16_10_48_23_182.jpg,/home/workspace/dataset/IMG/right_2019_02_16_10_48_23_182.jpg,-0.1,0,0,6.303462
/home/workspace/dataset/IMG/center_2019_02_16_10_48_23_258.jpg,/home/workspace/dataset/IMG/left_2019_02_16_10_48_23_258.jpg,/home/workspace/dataset/IMG/right_2019_02_16_10_48_23_258.jpg,-0.1131263,0,0,6.246908
/home/workspace/dataset/IMG/center_2019_02_16_10_48_23_336.jpg,/home/workspace/dataset/IMG/left_2019_02_16_10_48_23_336.jpg,/home/workspace/dataset/IMG/right_2019_02_16_10_48_23_336.jpg,0,0,0,6.207317
/home/workspace/dataset/IMG/center_2019_02_16_10_48_23_415.jpg,/home/workspace/dataset/IMG/left_2019_02_16_10_48_23_415.jpg,/home/workspace/dataset/IMG/right_2019_02_16_10_48_23_415.jpg,0,0,0,6.157198
/home/workspace/dataset/IMG/center_2019_02_16_10_48_23_494.jpg,/home/workspace/dataset/IMG/left_2019_02_16_10_48_23_494.jpg,/home/workspace/dataset/IMG/right_2019_02_16_10_48_23_494.jpg,0,0,0,6.1077
/home/workspace/dataset/IMG/center_2019_02_16_10_48_23_576.jpg,/home/workspace/dataset/IMG/left_2019_02_16_10_48_23_576.jpg,/home/workspace/dataset/IMG/right_2019_02_16_10_48_23_576.jpg,0,0,0,6.058726
/home/workspace/dataset/IMG/center_2019_02_16_10_48_23_654.jpg,/home/workspace/dataset/IMG/left_2019_02_16_10_48_23_654.jpg,/home/workspace/dataset/IMG/right_2019_02_16_10_48_23_654.jpg,0,0,0,6.010036
/home/workspace/dataset/IMG/center_2019_02_16_10_48_23_727.jpg,/home/workspace/dataset/IMG/left_2019_02_16_10_48_23_727.jpg,/home/workspace/dataset/IMG/right_2019_02_16_10_48_23_727.jpg,0,0,0,5.961737
/home/workspace/dataset/IMG/center_2019_02_16_10_48_23_810.jpg,/home/workspace/dataset/IMG/left_2019_02_16_10_48_23_810.jpg,/home/workspace/dataset/IMG/right_2019_02_16_10_48_23_810.jpg,0,0,0,5.913828
/home/workspace/dataset/IMG/center_2019_02_16_10_48_23_882.jpg,/home/workspace/dataset/IMG/left_2019_02_16_10_48_23_882.jpg,/home/workspace/dataset/IMG/right_2019_02_16_10_48_23_882.jpg,0,0,0,5.866306
/home/workspace/dataset/IMG/center_2019_02_16_10_48_23_961.jpg,/home/workspace/dataset/IMG/left_2019_02_16_10_48_23_961.jpg,/home/workspace/dataset/IMG/right_2019_02_16_10_48_23_961.jpg,0,0,0,5.819372
/home/workspace/dataset/IMG/center_2019_02_16_10_48_24_036.jpg,/home/workspace/dataset/IMG/left_2019_02_16_10_48_24_036.jpg,/home/workspace/dataset/IMG/right_2019_02_16_10_48_24_036.jpg,0,0,0,5.772881
/home/workspace/dataset/IMG/center_2019_02_16_10_48_24_112.jpg,/home/workspace/dataset/IMG/left_2019_02_16_10_48_24_112.jpg,/home/workspace/dataset/IMG/right_2019_02_16_10_48_24_112.jpg,0,0,0,5.738117
/home/workspace/dataset/IMG/center_2019_02_16_10_48_24_187.jpg,/home/workspace/dataset/IMG/left_2019_02_16_10_48_24_187.jpg,/home/workspace/dataset/IMG/right_2019_02_16_10_48_24_187.jpg,0,0,0,5.692004
/home/workspace/dataset/IMG/center_2019_02_16_10_48_24_271.jpg,/home/workspace/dataset/IMG/left_2019_02_16_10_48_24_271.jpg,/home/workspace/dataset/IMG/right_2019_02_16_10_48_24_271.jpg,0,0,0,5.646262
/home/workspace/dataset/IMG/center_2019_02_16_10_48_24_358.jpg,/home/workspace/dataset/IMG/left_2019_02_16_10_48_24_358.jpg,/home/workspace/dataset/IMG/right_2019_02_16_10_48_24_358.jpg,0,0,0,5.5896
/home/workspace/dataset/IMG/center_2019_02_16_10_48_38_335.jpg,/home/workspace/dataset/IMG/left_2019_02_16_10_48_38_335.jpg,/home/workspace/dataset/IMG/right_2019_02_16_10_48_38_335.jpg,0,0,0,11.40738
/home/workspace/dataset/IMG/center_2019_02_16_10_48_38_417.jpg,/home/workspace/dataset/IMG/left_2019_02_16_10_48_38_417.jpg,/home/workspace/dataset/IMG/right_2019_02_16_10_48_38_417.jpg,0,0,0,11.31717
/home/workspace/dataset/IMG/center_2019_02_16_10_48_38_502.jpg,/home/workspace/dataset/IMG/left_2019_02_16_10_48_38_502.jpg,/home/workspace/dataset/IMG/right_2019_02_16_10_48_38_502.jpg,0,0,0,11.23408
/home/workspace/dataset/IMG/center_2019_02_16_10_48_38_576.jpg,/home/workspace/dataset/IMG/left_2019_02_16_10_48_38_576.jpg,/home/workspace/dataset/IMG/right_2019_02_16_10_48_38_576.jpg,0,0,0,11.12324
/home/workspace/dataset/IMG/center_2019_02_16_10_48_38_658.jpg,/home/workspace/dataset/IMG/left_2019_02_16_10_48_38_658.jpg,/home/workspace/dataset/IMG/right_2019_02_16_10_48_38_658.jpg,0,0,0,11.03379
/home/workspace/dataset/IMG/center_2019_02_16_10_48_38_739.jpg,/home/workspace/dataset/IMG/left_2019_02_16_10_48_38_739.jpg,/home/workspace/dataset/IMG/right_2019_02_16_10_48_38_739.jpg,0,0,0,10.94508
/home/workspace/dataset/IMG/center_2019_02_16_10_48_38_823.jpg,/home/workspace/dataset/IMG/left_2019_02_16_10_48_38_823.jpg,/home/workspace/dataset/IMG/right_2019_02_16_10_48_38_823.jpg,0,0,0,10.85706
/home/workspace/dataset/IMG/center_2019_02_16_10_48_38_902.jpg,/home/workspace/dataset/IMG/left_2019_02_16_10_48_38_902.jpg,/home/workspace/dataset/IMG/right_2019_02_16_10_48_38_902.jpg,0,0,0,10.76974
/home/workspace/dataset/IMG/center_2019_02_16_10_48_38_987.jpg,/home/workspace/dataset/IMG/left_2019_02_16_10_48_38_987.jpg,/home/workspace/dataset/IMG/right_2019_02_16_10_48_38_987.jpg,0,0,0,10.68311
/home/workspace/dataset/IMG/center_2019_02_16_10_48_39_063.jpg,/home/workspace/dataset/IMG/left_2019_02_16_10_48_39_063.jpg,/home/workspace/dataset/IMG/right_2019_02_16_10_48_39_063.jpg,0,0,0,10.5972
/home/workspace/dataset/IMG/center_2019_02_16_10_48_39_148.jpg,/home/workspace/dataset/IMG/left_2019_02_16_10_48_39_148.jpg,/home/workspace/dataset/IMG/right_2019_02_16_10_48_39_148.jpg,0,0,0,10.51241
/home/workspace/dataset/IMG/center_2019_02_16_10_48_39_230.jpg,/home/workspace/dataset/IMG/left_2019_02_16_10_48_39_230.jpg,/home/workspace/dataset/IMG/right_2019_02_16_10_48_39_230.jpg,0,0,0,10.4284
/home/workspace/dataset/IMG/center_2019_02_16_10_48_39_308.jpg,/home/workspace/dataset/IMG/left_2019_02_16_10_48_39_308.jpg,/home/workspace/dataset/IMG/right_2019_02_16_10_48_39_308.jpg,0,0,0,10.34505
/home/workspace/dataset/IMG/center_2019_02_16_10_48_39_388.jpg,/home/workspace/dataset/IMG/left_2019_02_16_10_48_39_388.jpg,/home/workspace/dataset/IMG/right_2019_02_16_10_48_39_388.jpg,0,0,0,10.26239
/home/workspace/dataset/IMG/center_2019_02_16_10_48_39_468.jpg,/home/workspace/dataset/IMG/left_2019_02_16_10_48_39_468.jpg,/home/workspace/dataset/IMG/right_2019_02_16_10_48_39_468.jpg,0,0,0,10.18038
/home/workspace/dataset/IMG/center_2019_02_16_10_48_39_550.jpg,/home/workspace/dataset/IMG/left_2019_02_16_10_48_39_550.jpg,/home/workspace/dataset/IMG/right_2019_02_16_10_48_39_550.jpg,0,0,0,10.09915
/home/workspace/dataset/IMG/center_2019_02_16_10_48_39_639.jpg,/home/workspace/dataset/IMG/left_2019_02_16_10_48_39_639.jpg,/home/workspace/dataset/IMG/right_2019_02_16_10_48_39_639.jpg,0,0,0,9.998975
/home/workspace/dataset/IMG/center_2019_02_16_10_48_39_805.jpg,/home/workspace/dataset/IMG/left_2019_02_16_10_48_39_805.jpg,/home/workspace/dataset/IMG/right_2019_02_16_10_48_39_805.jpg,0,0,0,9.919168
/home/workspace/dataset/IMG/center_2019_02_16_10_48_53_292.jpg,/home/workspace/dataset/IMG/left_2019_02_16_10_48_53_292.jpg,/home/workspace/dataset/IMG/right_2019_02_16_10_48_53_292.jpg,0,0,0,14.73379
/home/workspace/dataset/IMG/center_2019_02_16_10_48_53_355.jpg,/home/workspace/dataset/IMG/left_2019_02_16_10_48_53_355.jpg,/home/workspace/dataset/IMG/right_2019_02_16_10_48_53_355.jpg,0,0,0,14.14011
/home/workspace/dataset/IMG/center_2019_02_16_10_48_53_432.jpg,/home/workspace/dataset/IMG/left_2019_02_16_10_48_53_432.jpg,/home/workspace/dataset/IMG/right_2019_02_16_10_48_53_432.jpg,0,0,0,14.02699
/home/workspace/dataset/IMG/center_2019_02_16_10_48_53_535.jpg,/home/workspace/dataset/IMG/left_2019_02_16_10_48_53_535.jpg,/home/workspace/dataset/IMG/right_2019_02_16_10_48_53_535.jpg,0,0,0,14.38407
/home/workspace/dataset/IMG/center_2019_02_16_10_48_53_593.jpg,/home/workspace/dataset/IMG/left_2019_02_16_10_48_53_593.jpg,/home/workspace/dataset/IMG/right_2019_02_16_10_48_53_593.jpg,0,0,0,13.81346
/home/workspace/dataset/IMG/center_2019_02_16_10_48_53_673.jpg,/home/workspace/dataset/IMG/left_2019_02_16_10_48_53_673.jpg,/home/workspace/dataset/IMG/right_2019_02_16_10_48_53_673.jpg,0,0,0,13.6664
/home/workspace/dataset/IMG/center_2019_02_16_10_48_53_741.jpg,/home/workspace/dataset/IMG/left_2019_02_16_10_48_53_741.jpg,/home/workspace/dataset/IMG/right_2019_02_16_10_48_53_741.jpg,0,0,0,14.07739
/home/workspace/dataset/IMG/center_2019_02_16_10_48_53_809.jpg,/home/workspace/dataset/IMG/left_2019_02_16_10_48_53_809.jpg,/home/workspace/dataset/IMG/right_2019_02_16_10_48_53_809.jpg,0,0,0,13.95027
/home/workspace/dataset/IMG/center_2019_02_16_10_48_53_875.jpg,/home/workspace/dataset/IMG/left_2019_02_16_10_48_53_875.jpg,/home/workspace/dataset/IMG/right_2019_02_16_10_48_53_875.jpg,0,0,0,13.34409
/home/workspace/dataset/IMG/center_2019_02_16_10_48_53_942.jpg,/home/workspace/dataset/IMG/left_2019_02_16_10_48_53_942.jpg,/home/workspace/dataset/IMG/right_2019_02_16_10_48_53_942.jpg,0,0,0,13.77771
/home/workspace/dataset/IMG/center_2019_02_16_10_48_54_041.jpg,/home/workspace/dataset/IMG/left_2019_02_16_10_48_54_041.jpg,/home/workspace/dataset/IMG/right_2019_02_16_10_48_54_041.jpg,0,0,0,13.13752
/home/workspace/dataset/IMG/center_2019_02_16_10_48_54_139.jpg,/home/workspace/dataset/IMG/left_2019_02_16_10_48_54_139.jpg,/home/workspace/dataset/IMG/right_2019_02_16_10_48_54_139.jpg,0,0,0,13.47516
/home/workspace/dataset/IMG/center_2019_02_16_10_48_54_210.jpg,/home/workspace/dataset/IMG/left_2019_02_16_10_48_54_210.jpg,/home/workspace/dataset/IMG/right_2019_02_16_10_48_54_210.jpg,0,0,0,13.40922
/home/workspace/dataset/IMG/center_2019_02_16_10_48_54_277.jpg,/home/workspace/dataset/IMG/left_2019_02_16_10_48_54_277.jpg,/home/workspace/dataset/IMG/right_2019_02_16_10_48_54_277.jpg,0,0,0,12.82741
/home/workspace/dataset/IMG/center_2019_02_16_10_48_54_344.jpg,/home/workspace/dataset/IMG/left_2019_02_16_10_48_54_344.jpg,/home/workspace/dataset/IMG/right_2019_02_16_10_48_54_344.jpg,0,0,0,12.62967
/home/workspace/dataset/IMG/center_2019_02_16_10_48_54_443.jpg,/home/workspace/dataset/IMG/left_2019_02_16_10_48_54_443.jpg,/home/workspace/dataset/IMG/right_2019_02_16_10_48_54_443.jpg,0,0,0,12.52322
/home/workspace/dataset/IMG/center_2019_02_16_10_48_54_535.jpg,/home/workspace/dataset/IMG/left_2019_02_16_10_48_54_535.jpg,/home/workspace/dataset/IMG/right_2019_02_16_10_48_54_535.jpg,0.05,0,0,12.94749
/home/workspace/dataset/IMG/center_2019_02_16_10_48_54_644.jpg,/home/workspace/dataset/IMG/left_2019_02_16_10_48_54_644.jpg,/home/workspace/dataset/IMG/right_2019_02_16_10_48_54_644.jpg,0.35,0,0,12.74056
/home/workspace/dataset/IMG/center_2019_02_16_10_48_54_712.jpg,/home/workspace/dataset/IMG/left_2019_02_16_10_48_54_712.jpg,/home/workspace/dataset/IMG/right_2019_02_16_10_48_54_712.jpg,0.4152081,0,0,12.08507
/home/workspace/dataset/IMG/center_2019_02_16_10_48_54_807.jpg,/home/workspace/dataset/IMG/left_2019_02_16_10_48_54_807.jpg,/home/workspace/dataset/IMG/right_2019_02_16_10_48_54_807.jpg,0.1292181,0,0,12.52183
/home/workspace/dataset/IMG/center_2019_02_16_10_48_54_876.jpg,/home/workspace/dataset/IMG/left_2019_02_16_10_48_54_876.jpg,/home/workspace/dataset/IMG/right_2019_02_16_10_48_54_876.jpg,0,0,0,11.88696
/home/workspace/dataset/IMG/center_2019_02_16_10_48_54_975.jpg,/home/workspace/dataset/IMG/left_2019_02_16_10_48_54_975.jpg,/home/workspace/dataset/IMG/right_2019_02_16_10_48_54_975.jpg,0,0,0,12.32985
/home/workspace/dataset/IMG/center_2019_02_16_10_48_55_039.jpg,/home/workspace/dataset/IMG/left_2019_02_16_10_48_55_039.jpg,/home/workspace/dataset/IMG/right_2019_02_16_10_48_55_039.jpg,0,0,0,11.6948
/home/workspace/dataset/IMG/center_2019_02_16_10_48_55_131.jpg,/home/workspace/dataset/IMG/left_2019_02_16_10_48_55_131.jpg,/home/workspace/dataset/IMG/right_2019_02_16_10_48_55_131.jpg,0,0,0,12.08313
/home/workspace/dataset/IMG/center_2019_02_16_10_48_55_226.jpg,/home/workspace/dataset/IMG/left_2019_02_16_10_48_55_226.jpg,/home/workspace/dataset/IMG/right_2019_02_16_10_48_55_226.jpg,0,0,0,11.42927
/home/workspace/dataset/IMG/center_2019_02_16_10_48_55_326.jpg,/home/workspace/dataset/IMG/left_2019_02_16_10_48_55_326.jpg,/home/workspace/dataset/IMG/right_2019_02_16_10_48_55_326.jpg,0,0,0,11.85907
/home/workspace/dataset/IMG/center_2019_02_16_10_48_55_394.jpg,/home/workspace/dataset/IMG/left_2019_02_16_10_48_55_394.jpg,/home/workspace/dataset/IMG/right_2019_02_16_10_48_55_394.jpg,0,0,0,11.23573
/home/workspace/dataset/IMG/center_2019_02_16_10_48_55_483.jpg,/home/workspace/dataset/IMG/left_2019_02_16_10_48_55_483.jpg,/home/workspace/dataset/IMG/right_2019_02_16_10_48_55_483.jpg,0,0,0,11.34997
/home/workspace/dataset/IMG/center_2019_02_16_10_48_55_575.jpg,/home/workspace/dataset/IMG/left_2019_02_16_10_48_55_575.jpg,/home/workspace/dataset/IMG/right_2019_02_16_10_48_55_575.jpg,0.05,0,0,11.44848
/home/workspace/dataset/IMG/center_2019_02_16_10_48_55_648.jpg,/home/workspace/dataset/IMG/left_2019_02_16_10_48_55_648.jpg,/home/workspace/dataset/IMG/right_2019_02_16_10_48_55_648.jpg,0.25,0,0,11.25279
/home/workspace/dataset/IMG/center_2019_02_16_10_48_55_743.jpg,/home/workspace/dataset/IMG/left_2019_02_16_10_48_55_743.jpg,/home/workspace/dataset/IMG/right_2019_02_16_10_48_55_743.jpg,0.5000001,0,0,11.1091
/home/workspace/dataset/IMG/center_2019_02_16_10_48_55_840.jpg,/home/workspace/dataset/IMG/left_2019_02_16_10_48_55_840.jpg,/home/workspace/dataset/IMG/right_2019_02_16_10_48_55_840.jpg,0.4933383,0,0,10.94125
/home/workspace/dataset/IMG/center_2019_02_16_10_48_55_938.jpg,/home/workspace/dataset/IMG/left_2019_02_16_10_48_55_938.jpg,/home/workspace/dataset/IMG/right_2019_02_16_10_48_55_938.jpg,0.1980665,0,0,10.84322
/home/workspace/dataset/IMG/center_2019_02_16_10_48_56_038.jpg,/home/workspace/dataset/IMG/left_2019_02_16_10_48_56_038.jpg,/home/workspace/dataset/IMG/right_2019_02_16_10_48_56_038.jpg,0,0,0,10.71755
/home/workspace/dataset/IMG/center_2019_02_16_10_48_56_135.jpg,/home/workspace/dataset/IMG/left_2019_02_16_10_48_56_135.jpg,/home/workspace/dataset/IMG/right_2019_02_16_10_48_56_135.jpg,0,0,0,10.62953
/home/workspace/dataset/IMG/center_2019_02_16_10_48_56_233.jpg,/home/workspace/dataset/IMG/left_2019_02_16_10_48_56_233.jpg,/home/workspace/dataset/IMG/right_2019_02_16_10_48_56_233.jpg,0,0,0,10.52257
/home/workspace/dataset/IMG/center_2019_02_16_10_48_56_325.jpg,/home/workspace/dataset/IMG/left_2019_02_16_10_48_56_325.jpg,/home/workspace/dataset/IMG/right_2019_02_16_10_48_56_325.jpg,0,0,0,10.41693
/home/workspace/dataset/IMG/center_2019_02_16_10_48_56_419.jpg,/home/workspace/dataset/IMG/left_2019_02_16_10_48_56_419.jpg,/home/workspace/dataset/IMG/right_2019_02_16_10_48_56_419.jpg,0,0,0,10.31236
/home/workspace/dataset/IMG/center_2019_02_16_10_48_56_515.jpg,/home/workspace/dataset/IMG/left_2019_02_16_10_48_56_515.jpg,/home/workspace/dataset/IMG/right_2019_02_16_10_48_56_515.jpg,0,0,0,10.22947
/home/workspace/dataset/IMG/center_2019_02_16_10_48_56_611.jpg,/home/workspace/dataset/IMG/left_2019_02_16_10_48_56_611.jpg,/home/workspace/dataset/IMG/right_2019_02_16_10_48_56_611.jpg,0,0,0,10.12678
/home/workspace/dataset/IMG/center_2019_02_16_10_48_56_704.jpg,/home/workspace/dataset/IMG/left_2019_02_16_10_48_56_704.jpg,/home/workspace/dataset/IMG/right_2019_02_16_10_48_56_704.jpg,0,0,0,10.02513
/home/workspace/dataset/IMG/center_2019_02_16_10_48_56_792.jpg,/home/workspace/dataset/IMG/left_2019_02_16_10_48_56_792.jpg,/home/workspace/dataset/IMG/right_2019_02_16_10_48_56_792.jpg,0,0,0,9.944537
/home/workspace/dataset/IMG/center_2019_02_16_10_48_56_881.jpg,/home/workspace/dataset/IMG/left_2019_02_16_10_48_56_881.jpg,/home/workspace/dataset/IMG/right_2019_02_16_10_48_56_881.jpg,0,0,0,9.844714
/home/workspace/dataset/IMG/center_2019_02_16_10_48_56_972.jpg,/home/workspace/dataset/IMG/left_2019_02_16_10_48_56_972.jpg,/home/workspace/dataset/IMG/right_2019_02_16_10_48_56_972.jpg,0,0,0,9.765574
/home/workspace/dataset/IMG/center_2019_02_16_10_48_57_063.jpg,/home/workspace/dataset/IMG/left_2019_02_16_10_48_57_063.jpg,/home/workspace/dataset/IMG/right_2019_02_16_10_48_57_063.jpg,0,0,0,9.667546
/home/workspace/dataset/IMG/center_2019_02_16_10_48_57_155.jpg,/home/workspace/dataset/IMG/left_2019_02_16_10_48_57_155.jpg,/home/workspace/dataset/IMG/right_2019_02_16_10_48_57_155.jpg,0,0,0,9.589831
/home/workspace/dataset/IMG/center_2019_02_16_10_48_57_244.jpg,/home/workspace/dataset/IMG/left_2019_02_16_10_48_57_244.jpg,/home/workspace/dataset/IMG/right_2019_02_16_10_48_57_244.jpg,0,0,0,9.493566
/home/workspace/dataset/IMG/center_2019_02_16_10_48_57_336.jpg,/home/workspace/dataset/IMG/left_2019_02_16_10_48_57_336.jpg,/home/workspace/dataset/IMG/right_2019_02_16_10_48_57_336.jpg,0,0,0,9.398266
/home/workspace/dataset/IMG/center_2019_02_16_10_48_57_425.jpg,/home/workspace/dataset/IMG/left_2019_02_16_10_48_57_425.jpg,/home/workspace/dataset/IMG/right_2019_02_16_10_48_57_425.jpg,0,0,0,9.322718
/home/workspace/dataset/IMG/center_2019_02_16_10_48_57_518.jpg,/home/workspace/dataset/IMG/left_2019_02_16_10_48_57_518.jpg,/home/workspace/dataset/IMG/right_2019_02_16_10_48_57_518.jpg,0,0,0,9.229137
/home/workspace/dataset/IMG/center_2019_02_16_10_48_57_611.jpg,/home/workspace/dataset/IMG/left_2019_02_16_10_48_57_611.jpg,/home/workspace/dataset/IMG/right_2019_02_16_10_48_57_611.jpg,0,0,0,9.154947
/home/workspace/dataset/IMG/center_2019_02_16_10_48_57_680.jpg,/home/workspace/dataset/IMG/left_2019_02_16_10_48_57_680.jpg,/home/workspace/dataset/IMG/right_2019_02_16_10_48_57_680.jpg,0,0,0,9.081381
/home/workspace/dataset/IMG/center_2019_02_16_10_48_57_771.jpg,/home/workspace/dataset/IMG/left_2019_02_16_10_48_57_771.jpg,/home/workspace/dataset/IMG/right_2019_02_16_10_48_57_771.jpg,0,0,0,9.008377
/home/workspace/dataset/IMG/center_2019_02_16_10_48_57_869.jpg,/home/workspace/dataset/IMG/left_2019_02_16_10_48_57_869.jpg,/home/workspace/dataset/IMG/right_2019_02_16_10_48_57_869.jpg,0,0,0,8.91795
/home/workspace/dataset/IMG/center_2019_02_16_10_48_57_959.jpg,/home/workspace/dataset/IMG/left_2019_02_16_10_48_57_959.jpg,/home/workspace/dataset/IMG/right_2019_02_16_10_48_57_959.jpg,0,0,0,8.828431
/home/workspace/dataset/IMG/center_2019_02_16_10_48_58_044.jpg,/home/workspace/dataset/IMG/left_2019_02_16_10_48_58_044.jpg,/home/workspace/dataset/IMG/right_2019_02_16_10_48_58_044.jpg,0,0,0,8.757463
/home/workspace/dataset/IMG/center_2019_02_16_10_48_58_128.jpg,/home/workspace/dataset/IMG/left_2019_02_16_10_48_58_128.jpg,/home/workspace/dataset/IMG/right_2019_02_16_10_48_58_128.jpg,0,0,0,8.687068
